[debug] [2017-06-28T14:42:25.160Z] ----------------------------------------------------------------------
[debug] [2017-06-28T14:42:25.162Z] Command:      /Users/smithst/.nvm/versions/node/v8.1.2/bin/node /Users/smithst/.nvm/versions/node/v8.1.2/bin/firebase login --reauth
[debug] [2017-06-28T14:42:25.162Z] CLI Version:  3.9.1
[debug] [2017-06-28T14:42:25.162Z] Platform:     darwin
[debug] [2017-06-28T14:42:25.162Z] Node Version: v8.1.2
[debug] [2017-06-28T14:42:25.162Z] Time:         Wed Jun 28 2017 15:42:25 GMT+0100 (BST)
[debug] [2017-06-28T14:42:25.162Z] ----------------------------------------------------------------------
[debug] 
[info] 
[info] Visit this URL on any device to log in:
[info] https://accounts.google.com/o/oauth2/auth?client_id=563584335869-fgrhgmd47bqnekij5i8b5pr03ho849e6.apps.googleusercontent.com&scope=email%20openid%20https%3A%2F%2Fwww.googleapis.com%2Fauth%2Fcloudplatformprojects.readonly%20https%3A%2F%2Fwww.googleapis.com%2Fauth%2Ffirebase%20https%3A%2F%2Fwww.googleapis.com%2Fauth%2Fcloud-platform&response_type=code&state=1014350401&redirect_uri=http%3A%2F%2Flocalhost%3A9005
[info] 
[info] Waiting for authentication...
[debug] [2017-06-28T14:42:30.457Z] >>> HTTP REQUEST POST https://accounts.google.com/o/oauth2/token { code: '4/YfSdtQesF2nCy34XSRYG_txFrH-FyUBe2wcPXW04NB0',
  client_id: '563584335869-fgrhgmd47bqnekij5i8b5pr03ho849e6.apps.googleusercontent.com',
  client_secret: 'j9iVZfS8kkCEFUPaAeJV0sAi',
  redirect_uri: 'http://localhost:9005',
  grant_type: 'authorization_code' } 
 Wed Jun 28 2017 15:42:30 GMT+0100 (BST)
[debug] [2017-06-28T14:52:43.952Z] ----------------------------------------------------------------------
[debug] [2017-06-28T14:52:43.954Z] Command:      /Users/smithst/.nvm/versions/node/v8.1.2/bin/node /Users/smithst/.nvm/versions/node/v8.1.2/bin/firebase login
[debug] [2017-06-28T14:52:43.954Z] CLI Version:  3.9.1
[debug] [2017-06-28T14:52:43.954Z] Platform:     darwin
[debug] [2017-06-28T14:52:43.954Z] Node Version: v8.1.2
[debug] [2017-06-28T14:52:43.955Z] Time:         Wed Jun 28 2017 15:52:43 GMT+0100 (BST)
[debug] [2017-06-28T14:52:43.955Z] ----------------------------------------------------------------------
[debug] 
[info] 
[info] Visit this URL on any device to log in:
[info] https://accounts.google.com/o/oauth2/auth?client_id=563584335869-fgrhgmd47bqnekij5i8b5pr03ho849e6.apps.googleusercontent.com&scope=email%20openid%20https%3A%2F%2Fwww.googleapis.com%2Fauth%2Fcloudplatformprojects.readonly%20https%3A%2F%2Fwww.googleapis.com%2Fauth%2Ffirebase%20https%3A%2F%2Fwww.googleapis.com%2Fauth%2Fcloud-platform&response_type=code&state=375654285&redirect_uri=http%3A%2F%2Flocalhost%3A9005
[info] 
[info] Waiting for authentication...
[debug] [2017-06-28T14:52:49.048Z] >>> HTTP REQUEST POST https://accounts.google.com/o/oauth2/token { code: '4/BPwK-tBfhRzMiO-59JxZWXb1f0VAx5-nTiKoh9UmWjg',
  client_id: '563584335869-fgrhgmd47bqnekij5i8b5pr03ho849e6.apps.googleusercontent.com',
  client_secret: 'j9iVZfS8kkCEFUPaAeJV0sAi',
  redirect_uri: 'http://localhost:9005',
  grant_type: 'authorization_code' } 
 Wed Jun 28 2017 15:52:49 GMT+0100 (BST)
[debug] [2017-06-28T14:53:44.557Z] ----------------------------------------------------------------------
[debug] [2017-06-28T14:53:44.560Z] Command:      /Users/smithst/.nvm/versions/node/v8.1.2/bin/node /Users/smithst/.nvm/versions/node/v8.1.2/bin/firebase login
[debug] [2017-06-28T14:53:44.560Z] CLI Version:  3.9.1
[debug] [2017-06-28T14:53:44.560Z] Platform:     darwin
[debug] [2017-06-28T14:53:44.560Z] Node Version: v8.1.2
[debug] [2017-06-28T14:53:44.561Z] Time:         Wed Jun 28 2017 15:53:44 GMT+0100 (BST)
[debug] [2017-06-28T14:53:44.561Z] ----------------------------------------------------------------------
[debug] 
[info] 
[info] Visit this URL on any device to log in:
[info] https://accounts.google.com/o/oauth2/auth?client_id=563584335869-fgrhgmd47bqnekij5i8b5pr03ho849e6.apps.googleusercontent.com&scope=email%20openid%20https%3A%2F%2Fwww.googleapis.com%2Fauth%2Fcloudplatformprojects.readonly%20https%3A%2F%2Fwww.googleapis.com%2Fauth%2Ffirebase%20https%3A%2F%2Fwww.googleapis.com%2Fauth%2Fcloud-platform&response_type=code&state=865809555&redirect_uri=http%3A%2F%2Flocalhost%3A9005
[info] 
[info] Waiting for authentication...
[debug] [2017-06-28T14:53:50.624Z] >>> HTTP REQUEST POST https://accounts.google.com/o/oauth2/token { code: '4/7xoUxUTr7NGMlzGvrDrUw7nw9zILlipZDbTVqYqHPxo',
  client_id: '563584335869-fgrhgmd47bqnekij5i8b5pr03ho849e6.apps.googleusercontent.com',
  client_secret: 'j9iVZfS8kkCEFUPaAeJV0sAi',
  redirect_uri: 'http://localhost:9005',
  grant_type: 'authorization_code' } 
 Wed Jun 28 2017 15:53:50 GMT+0100 (BST)
[debug] [2017-06-28T14:54:37.425Z] ----------------------------------------------------------------------
[debug] [2017-06-28T14:54:37.428Z] Command:      /Users/smithst/.nvm/versions/node/v8.1.2/bin/node /Users/smithst/.nvm/versions/node/v8.1.2/bin/firebase login
[debug] [2017-06-28T14:54:37.428Z] CLI Version:  3.9.1
[debug] [2017-06-28T14:54:37.428Z] Platform:     darwin
[debug] [2017-06-28T14:54:37.428Z] Node Version: v8.1.2
[debug] [2017-06-28T14:54:37.428Z] Time:         Wed Jun 28 2017 15:54:37 GMT+0100 (BST)
[debug] [2017-06-28T14:54:37.428Z] ----------------------------------------------------------------------
[debug] 
[info] 
[info] Visit this URL on any device to log in:
[info] https://accounts.google.com/o/oauth2/auth?client_id=563584335869-fgrhgmd47bqnekij5i8b5pr03ho849e6.apps.googleusercontent.com&scope=email%20openid%20https%3A%2F%2Fwww.googleapis.com%2Fauth%2Fcloudplatformprojects.readonly%20https%3A%2F%2Fwww.googleapis.com%2Fauth%2Ffirebase%20https%3A%2F%2Fwww.googleapis.com%2Fauth%2Fcloud-platform&response_type=code&state=551840497&redirect_uri=http%3A%2F%2Flocalhost%3A9005
[info] 
[info] Waiting for authentication...
[debug] [2017-06-28T14:54:42.955Z] >>> HTTP REQUEST POST https://accounts.google.com/o/oauth2/token { code: '4/Eo4g31T8H4RljisCwucebtayc36vqFVfP3dm5yFaVCA',
  client_id: '563584335869-fgrhgmd47bqnekij5i8b5pr03ho849e6.apps.googleusercontent.com',
  client_secret: 'j9iVZfS8kkCEFUPaAeJV0sAi',
  redirect_uri: 'http://localhost:9005',
  grant_type: 'authorization_code' } 
 Wed Jun 28 2017 15:54:42 GMT+0100 (BST)
